epoch,training loss,train accuracy,test loss,test accuracy
epoch,training loss,train accuracy,test loss,test accuracy
epoch,training loss,train accuracy,test loss,test accuracy
0,3.1410263012617063,0.6026493906974792,4.9586944580078125,0.6229166984558105
epoch,training loss,train accuracy,test loss,test accuracy
0,3.0878279575934777,0.6034928560256958,4.812802791595459,0.6104166507720947
epoch,training loss,train accuracy,test loss,test accuracy
0,220076255.17948717,0.2728220224380493,0.0,0.20803573727607727
epoch,training loss,train accuracy,test loss,test accuracy
0,7.631505529085808e-05,0.09335517138242722,0.0,0.01130952499806881
epoch,training loss,train accuracy,test loss,test accuracy
0,146.7083959334936,0.060676731169223785,0.0,0.0023809524718672037
epoch,training loss,train accuracy,test loss,test accuracy
0,1.4790630769148731e-07,0.05875835567712784,0.0,0.0017857144121080637
epoch,training loss,train accuracy,test loss,test accuracy
0,1.5798868844285607e-06,0.1509724259376526,0.0,0.05178571492433548
epoch,training loss,train accuracy,test loss,test accuracy
0,0.05708866933144318,0.04200569540262222,0.0,0.0
epoch,training loss,train accuracy,test loss,test accuracy
0,5.34435857392241e-10,0.09615003317594528,0.0,0.01755952462553978
epoch,training loss,train accuracy,test loss,test accuracy
0,0.021258636926993344,0.023797711357474327,0.0,0.0
epoch,training loss,train accuracy,test loss,test accuracy
0,0.02478066960098831,0.040583450347185135,0.0,0.0
epoch,training loss,train accuracy,test loss,test accuracy
0,0.0029370994904102422,0.04531322419643402,0.0,0.00029761905898340046
epoch,training loss,train accuracy,test loss,test accuracy
0,0.02149664438687861,0.02882516384124756,0.0,0.0
epoch,training loss,train accuracy,test loss,test accuracy
0,2.846524167137268e-05,0.02439306676387787,0.0,0.0
epoch,training loss,train accuracy,test loss,test accuracy
0,105.81490384615384,0.259790301322937,6.372564113802067e-31,0.22886905074119568
epoch,training loss,train accuracy,test loss,test accuracy
0,8.349535186345696e-12,0.3911656141281128,2.916077978691025e-24,0.3764880895614624
epoch,training loss,train accuracy,test loss,test accuracy
epoch,training loss,train accuracy,test loss,test accuracy
0,3.0584741769692836,0.615664541721344,4.973883628845215,0.6404762268066406
epoch,training loss,train accuracy,test loss,test accuracy
